1592675090972	mozrunner::runner	INFO	Running command: "/Applications/Firefox.app/Contents/MacOS/firefox-bin" "-marionette" "-foreground" "-no-remote" "-profile" "/var/folders/87/6hv22dfd6xx2k8mnh_ptrdfw0000gn/T/rust_mozprofileQmPc50"
1592675094388	Marionette	INFO	Listening on port 51987
1592675094461	Marionette	WARN	TLS certificate errors will be ignored for this session
JavaScript error: resource://gre/actors/AutoCompleteChild.jsm, line 196: Error: Invalid autocomplete selectedIndex
1592675101082	Marionette	INFO	Stopped listening on port 51987
1592686765509	mozrunner::runner	INFO	Running command: "/Applications/Firefox.app/Contents/MacOS/firefox-bin" "-marionette" "-foreground" "-no-remote" "-profile" "/var/folders/87/6hv22dfd6xx2k8mnh_ptrdfw0000gn/T/rust_mozprofile3YT0DP"
1592686768130	Marionette	INFO	Listening on port 54145
1592686768218	Marionette	WARN	TLS certificate errors will be ignored for this session
1592686791097	Marionette	INFO	Stopped listening on port 54145
1592686807988	mozrunner::runner	INFO	Running command: "/Applications/Firefox.app/Contents/MacOS/firefox-bin" "-marionette" "-foreground" "-no-remote" "-profile" "/var/folders/87/6hv22dfd6xx2k8mnh_ptrdfw0000gn/T/rust_mozprofileIOsqW0"
1592686810070	Marionette	INFO	Listening on port 54268
1592686810079	Marionette	WARN	TLS certificate errors will be ignored for this session
1592686858680	Marionette	INFO	Stopped listening on port 54268
1592764193679	mozrunner::runner	INFO	Running command: "/Applications/Firefox.app/Contents/MacOS/firefox-bin" "-marionette" "-foreground" "-no-remote" "-profile" "/var/folders/87/6hv22dfd6xx2k8mnh_ptrdfw0000gn/T/rust_mozprofile8KTg6U"
1592764196358	Marionette	INFO	Listening on port 58316
1592764196379	Marionette	WARN	TLS certificate errors will be ignored for this session
1592764358563	Marionette	INFO	Stopped listening on port 58316
1592764361925	mozrunner::runner	INFO	Running command: "/Applications/Firefox.app/Contents/MacOS/firefox-bin" "-marionette" "-foreground" "-no-remote" "-profile" "/var/folders/87/6hv22dfd6xx2k8mnh_ptrdfw0000gn/T/rust_mozprofileJ12kRw"
1592764363983	Marionette	INFO	Listening on port 59113
1592764364079	Marionette	WARN	TLS certificate errors will be ignored for this session
1592764444515	Marionette	INFO	Stopped listening on port 59113
1592764475092	mozrunner::runner	INFO	Running command: "/Applications/Firefox.app/Contents/MacOS/firefox-bin" "-marionette" "-foreground" "-no-remote" "-profile" "/var/folders/87/6hv22dfd6xx2k8mnh_ptrdfw0000gn/T/rust_mozprofileOSRF5d"
1592764477091	Marionette	INFO	Listening on port 59658
1592764477140	Marionette	WARN	TLS certificate errors will be ignored for this session
1592764585491	Marionette	INFO	Stopped listening on port 59658
1592764589160	mozrunner::runner	INFO	Running command: "/Applications/Firefox.app/Contents/MacOS/firefox-bin" "-marionette" "-foreground" "-no-remote" "-profile" "/var/folders/87/6hv22dfd6xx2k8mnh_ptrdfw0000gn/T/rust_mozprofilej7cf68"
1592764591154	Marionette	INFO	Listening on port 60247
1592764591238	Marionette	WARN	TLS certificate errors will be ignored for this session
console.error: "Store does not have a valid reducer. Make sure the argument passed to combineReducers is an object whose values are reducers."
1592765109764	Marionette	INFO	Stopped listening on port 60247
1592765564061	mozrunner::runner	INFO	Running command: "/Applications/Firefox.app/Contents/MacOS/firefox-bin" "-marionette" "-foreground" "-no-remote" "-profile" "/var/folders/87/6hv22dfd6xx2k8mnh_ptrdfw0000gn/T/rust_mozprofile70vhCV"
1592765566218	Marionette	INFO	Listening on port 64275
1592765566322	Marionette	WARN	TLS certificate errors will be ignored for this session
1592765592502	Marionette	INFO	Stopped listening on port 64275
1592765596116	mozrunner::runner	INFO	Running command: "/Applications/Firefox.app/Contents/MacOS/firefox-bin" "-marionette" "-foreground" "-no-remote" "-profile" "/var/folders/87/6hv22dfd6xx2k8mnh_ptrdfw0000gn/T/rust_mozprofile3QAsg7"
1592765598172	Marionette	INFO	Listening on port 64500
1592765598182	Marionette	WARN	TLS certificate errors will be ignored for this session
console.error: "Store does not have a valid reducer. Make sure the argument passed to combineReducers is an object whose values are reducers."
1592765635659	Marionette	INFO	Stopped listening on port 64500
1592765748518	mozrunner::runner	INFO	Running command: "/Applications/Firefox.app/Contents/MacOS/firefox-bin" "-marionette" "-foreground" "-no-remote" "-profile" "/var/folders/87/6hv22dfd6xx2k8mnh_ptrdfw0000gn/T/rust_mozprofileCTT8wC"
1592765750467	Marionette	INFO	Listening on port 65200
1592765750489	Marionette	WARN	TLS certificate errors will be ignored for this session
1592765768830	Marionette	INFO	Stopped listening on port 65200
1592766523712	mozrunner::runner	INFO	Running command: "/Applications/Firefox.app/Contents/MacOS/firefox-bin" "-marionette" "-foreground" "-no-remote" "-profile" "/var/folders/87/6hv22dfd6xx2k8mnh_ptrdfw0000gn/T/rust_mozprofilebJpzoG"
1592766525822	Marionette	INFO	Listening on port 52102
1592766525866	Marionette	WARN	TLS certificate errors will be ignored for this session
1592766546603	Marionette	INFO	Stopped listening on port 52102
1592766587225	mozrunner::runner	INFO	Running command: "/Applications/Firefox.app/Contents/MacOS/firefox-bin" "-marionette" "-foreground" "-no-remote" "-profile" "/var/folders/87/6hv22dfd6xx2k8mnh_ptrdfw0000gn/T/rust_mozprofilec5PrQI"
1592766589116	Marionette	INFO	Listening on port 52438
1592766589172	Marionette	WARN	TLS certificate errors will be ignored for this session
1592766607856	Marionette	INFO	Stopped listening on port 52438
1592766875218	mozrunner::runner	INFO	Running command: "/Applications/Firefox.app/Contents/MacOS/firefox-bin" "-marionette" "-foreground" "-no-remote" "-profile" "/var/folders/87/6hv22dfd6xx2k8mnh_ptrdfw0000gn/T/rust_mozprofilebd555z"
1592766877473	Marionette	INFO	Listening on port 53732
1592766877496	Marionette	WARN	TLS certificate errors will be ignored for this session
1592766891294	Marionette	INFO	Stopped listening on port 53732
1592768361298	mozrunner::runner	INFO	Running command: "/Applications/Firefox.app/Contents/MacOS/firefox-bin" "-marionette" "-foreground" "-no-remote" "-profile" "/var/folders/87/6hv22dfd6xx2k8mnh_ptrdfw0000gn/T/rust_mozprofileqENNsC"
1592768363915	Marionette	INFO	Listening on port 59921
1592768363988	Marionette	WARN	TLS certificate errors will be ignored for this session
console.error: "Store does not have a valid reducer. Make sure the argument passed to combineReducers is an object whose values are reducers."
1592768499097	Marionette	INFO	Stopped listening on port 59921
1592768511559	mozrunner::runner	INFO	Running command: "/Applications/Firefox.app/Contents/MacOS/firefox-bin" "-marionette" "-foreground" "-no-remote" "-profile" "/var/folders/87/6hv22dfd6xx2k8mnh_ptrdfw0000gn/T/rust_mozprofile8t80dK"
1592768513629	Marionette	INFO	Listening on port 60623
1592768513726	Marionette	WARN	TLS certificate errors will be ignored for this session
1592768531606	Marionette	INFO	Stopped listening on port 60623
1592768592977	mozrunner::runner	INFO	Running command: "/Applications/Firefox.app/Contents/MacOS/firefox-bin" "-marionette" "-foreground" "-no-remote" "-profile" "/var/folders/87/6hv22dfd6xx2k8mnh_ptrdfw0000gn/T/rust_mozprofileyOwOzj"
1592768594993	Marionette	INFO	Listening on port 61043
1592768595046	Marionette	WARN	TLS certificate errors will be ignored for this session
1592768622635	Marionette	INFO	Stopped listening on port 61043
1592768627218	mozrunner::runner	INFO	Running command: "/Applications/Firefox.app/Contents/MacOS/firefox-bin" "-marionette" "-foreground" "-no-remote" "-profile" "/var/folders/87/6hv22dfd6xx2k8mnh_ptrdfw0000gn/T/rust_mozprofilebph14B"
1592768629446	Marionette	INFO	Listening on port 61268
1592768629493	Marionette	WARN	TLS certificate errors will be ignored for this session
1592768685905	Marionette	INFO	Stopped listening on port 61268
1593031393738	mozrunner::runner	INFO	Running command: "/Applications/Firefox.app/Contents/MacOS/firefox-bin" "-marionette" "-foreground" "-no-remote" "-profile" "/var/folders/87/6hv22dfd6xx2k8mnh_ptrdfw0000gn/T/rust_mozprofileGu6yKC"
1593031396495	Marionette	INFO	Listening on port 53279
1593031396546	Marionette	WARN	TLS certificate errors will be ignored for this session
1593031421027	Marionette	INFO	Stopped listening on port 53279
1593031449613	mozrunner::runner	INFO	Running command: "/Applications/Firefox.app/Contents/MacOS/firefox-bin" "-marionette" "-foreground" "-no-remote" "-profile" "/var/folders/87/6hv22dfd6xx2k8mnh_ptrdfw0000gn/T/rust_mozprofilerKI9xC"
1593031451569	Marionette	INFO	Listening on port 53402
1593031451588	Marionette	WARN	TLS certificate errors will be ignored for this session
console.error: "Store does not have a valid reducer. Make sure the argument passed to combineReducers is an object whose values are reducers."
1593031664496	Marionette	INFO	Stopped listening on port 53402
1593031688730	mozrunner::runner	INFO	Running command: "/Applications/Firefox.app/Contents/MacOS/firefox-bin" "-marionette" "-foreground" "-no-remote" "-profile" "/var/folders/87/6hv22dfd6xx2k8mnh_ptrdfw0000gn/T/rust_mozprofilerAaxqK"
1593031691084	Marionette	INFO	Listening on port 53559
1593031691119	Marionette	WARN	TLS certificate errors will be ignored for this session
1593031718259	Marionette	INFO	Stopped listening on port 53559
1593038266466	mozrunner::runner	INFO	Running command: "/Applications/Firefox.app/Contents/MacOS/firefox-bin" "-marionette" "-foreground" "-no-remote" "-profile" "/var/folders/87/6hv22dfd6xx2k8mnh_ptrdfw0000gn/T/rust_mozprofileHF6cVz"
1593038269451	Marionette	INFO	Listening on port 55224
1593038269484	Marionette	WARN	TLS certificate errors will be ignored for this session
console.error: "Store does not have a valid reducer. Make sure the argument passed to combineReducers is an object whose values are reducers."
1593038420441	Marionette	INFO	Stopped listening on port 55224
1593038729328	mozrunner::runner	INFO	Running command: "/Applications/Firefox.app/Contents/MacOS/firefox-bin" "-marionette" "-foreground" "-no-remote" "-profile" "/var/folders/87/6hv22dfd6xx2k8mnh_ptrdfw0000gn/T/rust_mozprofileQ2VFWC"
1593038732140	Marionette	INFO	Listening on port 55600
1593038732243	Marionette	WARN	TLS certificate errors will be ignored for this session
1593038738591	Marionette	INFO	Stopped listening on port 55600
1593038766378	mozrunner::runner	INFO	Running command: "/Applications/Firefox.app/Contents/MacOS/firefox-bin" "-marionette" "-foreground" "-no-remote" "-profile" "/var/folders/87/6hv22dfd6xx2k8mnh_ptrdfw0000gn/T/rust_mozprofile2xb8va"
1593038768493	Marionette	INFO	Listening on port 55709
1593038768565	Marionette	WARN	TLS certificate errors will be ignored for this session
1593038774722	Marionette	INFO	Stopped listening on port 55709
1593038800579	mozrunner::runner	INFO	Running command: "/Applications/Firefox.app/Contents/MacOS/firefox-bin" "-marionette" "-foreground" "-no-remote" "-profile" "/var/folders/87/6hv22dfd6xx2k8mnh_ptrdfw0000gn/T/rust_mozprofilehoHu2D"
1593038802696	Marionette	INFO	Listening on port 55803
1593038802763	Marionette	WARN	TLS certificate errors will be ignored for this session
1593038808753	Marionette	INFO	Stopped listening on port 55803
1593535435369	mozrunner::runner	INFO	Running command: "/Applications/Firefox.app/Contents/MacOS/firefox-bin" "-marionette" "-foreground" "-no-remote" "-profile" "/var/folders/87/6hv22dfd6xx2k8mnh_ptrdfw0000gn/T/rust_mozprofileHIiZqk"
1593535439577	Marionette	INFO	Listening on port 53997
1593535439593	Marionette	WARN	TLS certificate errors will be ignored for this session
1593535477534	Marionette	INFO	Stopped listening on port 53997
1593536156782	mozrunner::runner	INFO	Running command: "/Applications/Firefox.app/Contents/MacOS/firefox-bin" "-marionette" "-foreground" "-no-remote" "-profile" "/var/folders/87/6hv22dfd6xx2k8mnh_ptrdfw0000gn/T/rust_mozprofileF0Ks66"
1593536159469	Marionette	INFO	Listening on port 54270
1593536159545	Marionette	WARN	TLS certificate errors will be ignored for this session
1593536165802	Marionette	INFO	Stopped listening on port 54270
1593536269932	mozrunner::runner	INFO	Running command: "/Applications/Firefox.app/Contents/MacOS/firefox-bin" "-marionette" "-foreground" "-no-remote" "-profile" "/var/folders/87/6hv22dfd6xx2k8mnh_ptrdfw0000gn/T/rust_mozprofile5w0zmO"
1593536272589	Marionette	INFO	Listening on port 54453
1593536272610	Marionette	WARN	TLS certificate errors will be ignored for this session
1593536278802	Marionette	INFO	Stopped listening on port 54453
1593536369090	mozrunner::runner	INFO	Running command: "/Applications/Firefox.app/Contents/MacOS/firefox-bin" "-marionette" "-foreground" "-no-remote" "-profile" "/var/folders/87/6hv22dfd6xx2k8mnh_ptrdfw0000gn/T/rust_mozprofileuvChnN"
1593536371733	Marionette	INFO	Listening on port 54580
1593536371764	Marionette	WARN	TLS certificate errors will be ignored for this session
1593536378570	Marionette	INFO	Stopped listening on port 54580
1593551678494	mozrunner::runner	INFO	Running command: "/Applications/Firefox.app/Contents/MacOS/firefox-bin" "-marionette" "-foreground" "-no-remote" "-profile" "/var/folders/87/6hv22dfd6xx2k8mnh_ptrdfw0000gn/T/rust_mozprofile1GhTAT"
1593551682041	Marionette	INFO	Listening on port 58752
1593551682064	Marionette	WARN	TLS certificate errors will be ignored for this session
1593551695703	Marionette	INFO	Stopped listening on port 58752
1593551747515	mozrunner::runner	INFO	Running command: "/Applications/Firefox.app/Contents/MacOS/firefox-bin" "-marionette" "-foreground" "-no-remote" "-profile" "/var/folders/87/6hv22dfd6xx2k8mnh_ptrdfw0000gn/T/rust_mozprofileKBOT40"
1593551756113	Marionette	INFO	Listening on port 59088
1593551756123	Marionette	WARN	TLS certificate errors will be ignored for this session
1593551768584	Marionette	INFO	Stopped listening on port 59088
1593551792168	mozrunner::runner	INFO	Running command: "/Applications/Firefox.app/Contents/MacOS/firefox-bin" "-marionette" "-foreground" "-no-remote" "-profile" "/var/folders/87/6hv22dfd6xx2k8mnh_ptrdfw0000gn/T/rust_mozprofileoarimE"
1593551794276	Marionette	INFO	Listening on port 59225
1593551794363	Marionette	WARN	TLS certificate errors will be ignored for this session
1593551840720	mozrunner::runner	INFO	Running command: "/Applications/Firefox.app/Contents/MacOS/firefox-bin" "-marionette" "-foreground" "-no-remote" "-profile" "/var/folders/87/6hv22dfd6xx2k8mnh_ptrdfw0000gn/T/rust_mozprofilembiWav"
1593551843164	Marionette	INFO	Listening on port 59378
1593551843200	Marionette	WARN	TLS certificate errors will be ignored for this session
1593551977086	Marionette	INFO	Stopped listening on port 59225
1593551977344	mozrunner::runner	INFO	Running command: "/Applications/Firefox.app/Contents/MacOS/firefox-bin" "-marionette" "-foreground" "-no-remote" "-profile" "/var/folders/87/6hv22dfd6xx2k8mnh_ptrdfw0000gn/T/rust_mozprofilemcUqH4"
1593551979572	Marionette	INFO	Listening on port 59673
1593551979622	Marionette	WARN	TLS certificate errors will be ignored for this session
1593551979642	Marionette	INFO	Stopped listening on port 59378
1593551992758	Marionette	INFO	Stopped listening on port 59673
1593552128314	mozrunner::runner	INFO	Running command: "/Applications/Firefox.app/Contents/MacOS/firefox-bin" "-marionette" "-foreground" "-no-remote" "-profile" "/var/folders/87/6hv22dfd6xx2k8mnh_ptrdfw0000gn/T/rust_mozprofileKKMtJz"
1593552130561	Marionette	INFO	Listening on port 59913
1593552130584	Marionette	WARN	TLS certificate errors will be ignored for this session
1593552141290	Marionette	INFO	Stopped listening on port 59913
1593641952020	mozrunner::runner	INFO	Running command: "/Applications/Firefox.app/Contents/MacOS/firefox-bin" "-marionette" "-foreground" "-no-remote" "-profile" "/var/folders/87/6hv22dfd6xx2k8mnh_ptrdfw0000gn/T/rust_mozprofile7Cu8dV"
1593641954907	Marionette	INFO	Listening on port 59265
1593641954994	Marionette	WARN	TLS certificate errors will be ignored for this session
1593641967180	Marionette	INFO	Stopped listening on port 59265
1593642112580	mozrunner::runner	INFO	Running command: "/Applications/Firefox.app/Contents/MacOS/firefox-bin" "-marionette" "-foreground" "-no-remote" "-profile" "/var/folders/87/6hv22dfd6xx2k8mnh_ptrdfw0000gn/T/rust_mozprofileCge8Nf"
1593642114675	Marionette	INFO	Listening on port 59370
1593642114741	Marionette	WARN	TLS certificate errors will be ignored for this session
1593642507844	Marionette	INFO	Stopped listening on port 59370
1593683922733	mozrunner::runner	INFO	Running command: "/Applications/Firefox.app/Contents/MacOS/firefox-bin" "-marionette" "-foreground" "-no-remote" "-profile" "/var/folders/87/6hv22dfd6xx2k8mnh_ptrdfw0000gn/T/rust_mozprofilevYN54o"
1593683925609	Marionette	INFO	Listening on port 61266
1593683925710	Marionette	WARN	TLS certificate errors will be ignored for this session
1593683932473	Marionette	INFO	Stopped listening on port 61266
1593684491772	mozrunner::runner	INFO	Running command: "/Applications/Firefox.app/Contents/MacOS/firefox-bin" "-marionette" "-foreground" "-no-remote" "-profile" "/var/folders/87/6hv22dfd6xx2k8mnh_ptrdfw0000gn/T/rust_mozprofileF2pV1H"
1593684494905	Marionette	INFO	Listening on port 61535
1593684495000	Marionette	WARN	TLS certificate errors will be ignored for this session
1593684502196	Marionette	INFO	Stopped listening on port 61535
1593687094219	mozrunner::runner	INFO	Running command: "/Applications/Firefox.app/Contents/MacOS/firefox-bin" "-marionette" "-foreground" "-no-remote" "-profile" "/var/folders/87/6hv22dfd6xx2k8mnh_ptrdfw0000gn/T/rust_mozprofileC90tsT"
1593687097228	Marionette	INFO	Listening on port 62319
1593687097310	Marionette	WARN	TLS certificate errors will be ignored for this session
1593687103937	Marionette	INFO	Stopped listening on port 62319
1593687199210	mozrunner::runner	INFO	Running command: "/Applications/Firefox.app/Contents/MacOS/firefox-bin" "-marionette" "-foreground" "-no-remote" "-profile" "/var/folders/87/6hv22dfd6xx2k8mnh_ptrdfw0000gn/T/rust_mozprofile5R1Ed4"
1593687202050	Marionette	INFO	Listening on port 62446
1593687202093	Marionette	WARN	TLS certificate errors will be ignored for this session
1593687208504	Marionette	INFO	Stopped listening on port 62446
1593703088563	mozrunner::runner	INFO	Running command: "/Applications/Firefox.app/Contents/MacOS/firefox-bin" "-marionette" "-foreground" "-no-remote" "-profile" "/var/folders/87/6hv22dfd6xx2k8mnh_ptrdfw0000gn/T/rust_mozprofileLfyby2"
1593703091400	Marionette	INFO	Listening on port 50712
1593703091479	Marionette	WARN	TLS certificate errors will be ignored for this session
1593703117413	Marionette	INFO	Stopped listening on port 50712
1593703241017	mozrunner::runner	INFO	Running command: "/Applications/Firefox.app/Contents/MacOS/firefox-bin" "-marionette" "-foreground" "-no-remote" "-profile" "/var/folders/87/6hv22dfd6xx2k8mnh_ptrdfw0000gn/T/rust_mozprofilefhTYz8"
1593703243210	Marionette	INFO	Listening on port 50855
1593703243309	Marionette	WARN	TLS certificate errors will be ignored for this session
1593703250233	Marionette	INFO	Stopped listening on port 50855
1593703312987	mozrunner::runner	INFO	Running command: "/Applications/Firefox.app/Contents/MacOS/firefox-bin" "-marionette" "-foreground" "-no-remote" "-profile" "/var/folders/87/6hv22dfd6xx2k8mnh_ptrdfw0000gn/T/rust_mozprofileJ1x6SL"
1593703314997	Marionette	INFO	Listening on port 50963
1593703315064	Marionette	WARN	TLS certificate errors will be ignored for this session
1593703328439	Marionette	INFO	Stopped listening on port 50963
1593703620588	mozrunner::runner	INFO	Running command: "/Applications/Firefox.app/Contents/MacOS/firefox-bin" "-marionette" "-foreground" "-no-remote" "-profile" "/var/folders/87/6hv22dfd6xx2k8mnh_ptrdfw0000gn/T/rust_mozprofileEqwv02"
1593703622724	Marionette	INFO	Listening on port 51131
1593703622765	Marionette	WARN	TLS certificate errors will be ignored for this session
1593703700881	Marionette	INFO	Stopped listening on port 51131
1593703717763	mozrunner::runner	INFO	Running command: "/Applications/Firefox.app/Contents/MacOS/firefox-bin" "-marionette" "-foreground" "-no-remote" "-profile" "/var/folders/87/6hv22dfd6xx2k8mnh_ptrdfw0000gn/T/rust_mozprofileNR452k"
1593703719784	Marionette	INFO	Listening on port 51248
1593703719845	Marionette	WARN	TLS certificate errors will be ignored for this session
1593703737922	Marionette	INFO	Stopped listening on port 51248
1593706257744	mozrunner::runner	INFO	Running command: "/Applications/Firefox.app/Contents/MacOS/firefox-bin" "-marionette" "-foreground" "-no-remote" "-profile" "/var/folders/87/6hv22dfd6xx2k8mnh_ptrdfw0000gn/T/rust_mozprofilec4rpAA"
1593706260505	Marionette	INFO	Listening on port 51946
1593706260546	Marionette	WARN	TLS certificate errors will be ignored for this session
1593706277599	Marionette	INFO	Stopped listening on port 51946
1593706999295	mozrunner::runner	INFO	Running command: "/Applications/Firefox.app/Contents/MacOS/firefox-bin" "-marionette" "-foreground" "-no-remote" "-profile" "/var/folders/87/6hv22dfd6xx2k8mnh_ptrdfw0000gn/T/rust_mozprofilef4vWA2"
1593707001463	Marionette	INFO	Listening on port 52214
1593707001490	Marionette	WARN	TLS certificate errors will be ignored for this session
1593707022128	Marionette	INFO	Stopped listening on port 52214
1593793067068	mozrunner::runner	INFO	Running command: "/Applications/Firefox.app/Contents/MacOS/firefox-bin" "-marionette" "-foreground" "-no-remote" "-profile" "/var/folders/87/6hv22dfd6xx2k8mnh_ptrdfw0000gn/T/rust_mozprofilegtFPjm"
1593793069810	Marionette	INFO	Listening on port 64555
1593793069820	Marionette	WARN	TLS certificate errors will be ignored for this session
1593793106768	Marionette	INFO	Stopped listening on port 64555
1593793588045	mozrunner::runner	INFO	Running command: "/Applications/Firefox.app/Contents/MacOS/firefox-bin" "-marionette" "-foreground" "-no-remote" "-profile" "/var/folders/87/6hv22dfd6xx2k8mnh_ptrdfw0000gn/T/rust_mozprofileSqjG4O"
1593793590106	Marionette	INFO	Listening on port 64778
1593793590199	Marionette	WARN	TLS certificate errors will be ignored for this session
1593793657532	Marionette	INFO	Stopped listening on port 64778
1593793670514	mozrunner::runner	INFO	Running command: "/Applications/Firefox.app/Contents/MacOS/firefox-bin" "-marionette" "-foreground" "-no-remote" "-profile" "/var/folders/87/6hv22dfd6xx2k8mnh_ptrdfw0000gn/T/rust_mozprofileLCwYbW"
1593793672614	Marionette	INFO	Listening on port 64884
1593793672670	Marionette	WARN	TLS certificate errors will be ignored for this session
1593793689176	Marionette	INFO	Stopped listening on port 64884
1593793726647	mozrunner::runner	INFO	Running command: "/Applications/Firefox.app/Contents/MacOS/firefox-bin" "-marionette" "-foreground" "-no-remote" "-profile" "/var/folders/87/6hv22dfd6xx2k8mnh_ptrdfw0000gn/T/rust_mozprofileZT0mZw"
1593793728631	Marionette	INFO	Listening on port 64984
1593793728690	Marionette	WARN	TLS certificate errors will be ignored for this session
1593793737851	Marionette	INFO	Stopped listening on port 64984
1593794309917	mozrunner::runner	INFO	Running command: "/Applications/Firefox.app/Contents/MacOS/firefox-bin" "-marionette" "-foreground" "-no-remote" "-profile" "/var/folders/87/6hv22dfd6xx2k8mnh_ptrdfw0000gn/T/rust_mozprofileyygYEE"
1593794312273	Marionette	INFO	Listening on port 65217
1593794312301	Marionette	WARN	TLS certificate errors will be ignored for this session
1593794318756	Marionette	INFO	Stopped listening on port 65217
1593794444471	mozrunner::runner	INFO	Running command: "/Applications/Firefox.app/Contents/MacOS/firefox-bin" "-marionette" "-foreground" "-no-remote" "-profile" "/var/folders/87/6hv22dfd6xx2k8mnh_ptrdfw0000gn/T/rust_mozprofilec21xur"
1593794446539	Marionette	INFO	Listening on port 65336
1593794446639	Marionette	WARN	TLS certificate errors will be ignored for this session
1593794686669	Marionette	INFO	Stopped listening on port 65336
